2024-05-17 08:45:36,385 [Worker-5: Loading available Gradle versions] INFO  o.e.b.c.i.u.g.PublishedGradleVersions - Gradle version information cache is up-to-date. Trying to read.
2024-05-17 08:46:50,674 [Worker-2: Importing Maven projects] INFO  o.e.m.c.i.l.LifecycleMappingFactory - Using org.eclipse.m2e.jdt.JarLifecycleMapping lifecycle mapping for MavenProject: com.alibou:security:0.0.1-SNAPSHOT @ C:\Users\lenovo\Downloads\tfa-spring-boot-3-angular-main\tfa-spring-boot-3-angular-main\spring-boot-3-jwt-security\pom.xml.
2024-05-17 08:47:05,910 [Worker-2: Importing Maven projects] INFO  o.e.m.j.i.AbstractJavaProjectConfigurator - Adding source folder /security/src/main/java
2024-05-17 08:47:05,911 [Worker-2: Importing Maven projects] INFO  o.e.m.j.i.AbstractJavaProjectConfigurator - Adding resource folder /security/src/main/resources
2024-05-17 08:47:05,912 [Worker-2: Importing Maven projects] INFO  o.e.m.j.i.AbstractJavaProjectConfigurator - Adding resource folder /security/src/main/resources
2024-05-17 08:47:05,915 [Worker-2: Importing Maven projects] INFO  o.e.m.j.i.AbstractJavaProjectConfigurator - Adding source folder /security/src/test/java
2024-05-17 08:47:05,916 [Worker-2: Importing Maven projects] INFO  o.e.m.j.i.AbstractJavaProjectConfigurator - Adding resource folder /security/src/test/resources
2024-05-17 08:47:07,116 [Worker-2: Importing Maven projects] INFO  o.e.m.c.i.p.ProjectConfigurationManager - Imported and configured 1 project(s) in 43 sec
2024-05-17 08:47:07,267 [Worker-2: Updating Maven Project] INFO  o.e.m.c.i.p.ProjectConfigurationManager - Update started
2024-05-17 08:47:08,229 [Worker-2: Updating Maven Project] INFO  o.e.m.c.i.l.LifecycleMappingFactory - Using org.eclipse.m2e.jdt.JarLifecycleMapping lifecycle mapping for MavenProject: com.alibou:security:0.0.1-SNAPSHOT @ C:\Users\lenovo\Downloads\tfa-spring-boot-3-angular-main\tfa-spring-boot-3-angular-main\spring-boot-3-jwt-security\pom.xml.
2024-05-17 08:47:10,283 [Worker-2: Updating Maven Project] INFO  o.e.m.j.i.AbstractJavaProjectConfigurator - Adding source folder /security/src/main/java
2024-05-17 08:47:10,283 [Worker-2: Updating Maven Project] INFO  o.e.m.j.i.AbstractJavaProjectConfigurator - Adding resource folder /security/src/main/resources
2024-05-17 08:47:10,284 [Worker-2: Updating Maven Project] INFO  o.e.m.j.i.AbstractJavaProjectConfigurator - Adding resource folder /security/src/main/resources
2024-05-17 08:47:10,284 [Worker-2: Updating Maven Project] INFO  o.e.m.j.i.AbstractJavaProjectConfigurator - Adding source folder /security/src/test/java
2024-05-17 08:47:10,284 [Worker-2: Updating Maven Project] INFO  o.e.m.j.i.AbstractJavaProjectConfigurator - Adding resource folder /security/src/test/resources
2024-05-17 08:47:11,220 [Worker-2: Updating Maven Project] INFO  o.e.m.c.i.p.ProjectConfigurationManager - Update completed for 1 poms: local refresh takes 0.00 sec, refresh facades takes 2.00 sec, update config takes 0.00 sec 
2024-05-17 08:47:13,288 [Worker-8: Building] INFO  o.a.m.s.f.DefaultMavenResourcesFiltering - Copying 1 resource
2024-05-17 08:47:13,546 [Worker-8: Building] INFO  o.a.m.s.f.DefaultMavenResourcesFiltering - Copying 0 resource
2024-05-17 08:47:13,553 [Worker-8: Building] INFO  o.a.m.s.f.DefaultMavenResourcesFiltering - skip non existing resourceDirectory C:\Users\lenovo\Downloads\tfa-spring-boot-3-angular-main\tfa-spring-boot-3-angular-main\spring-boot-3-jwt-security\src\test\resources
2024-05-17 09:24:58,622 [Worker-3: Loading available Gradle versions] INFO  o.e.b.c.i.u.g.PublishedGradleVersions - Gradle version information cache is up-to-date. Trying to read.
2024-05-17 09:26:17,342 [Worker-3: Building] INFO  o.e.m.c.i.l.LifecycleMappingFactory - Using org.eclipse.m2e.jdt.JarLifecycleMapping lifecycle mapping for MavenProject: com.alibou:security:0.0.1-SNAPSHOT @ C:\Users\lenovo\Downloads\tfa-spring-boot-3-angular-main\tfa-spring-boot-3-angular-main\spring-boot-3-jwt-security\pom.xml.
2024-05-17 09:26:30,221 [Worker-3: Building] INFO  o.a.m.s.f.DefaultMavenResourcesFiltering - Copying 1 resource
2024-05-17 09:26:30,280 [Worker-3: Building] INFO  o.a.m.s.f.DefaultMavenResourcesFiltering - Copying 0 resource
2024-05-17 09:26:30,289 [Worker-3: Building] INFO  o.a.m.s.f.DefaultMavenResourcesFiltering - skip non existing resourceDirectory C:\Users\lenovo\Downloads\tfa-spring-boot-3-angular-main\tfa-spring-boot-3-angular-main\spring-boot-3-jwt-security\src\test\resources
2024-05-17 09:26:31,624 [Worker-8: Updating Maven Dependencies] INFO  o.e.m.c.i.l.LifecycleMappingFactory - Using org.eclipse.m2e.jdt.JarLifecycleMapping lifecycle mapping for MavenProject: com.alibou:security:0.0.1-SNAPSHOT @ C:\Users\lenovo\Downloads\tfa-spring-boot-3-angular-main\tfa-spring-boot-3-angular-main\spring-boot-3-jwt-security\pom.xml.
2024-05-17 09:37:40,016 [Worker-2: Loading available Gradle versions] INFO  o.e.b.c.i.u.g.PublishedGradleVersions - Gradle version information cache is up-to-date. Trying to read.
2024-05-17 09:38:27,413 [Worker-9: Importing Maven projects] INFO  o.e.m.c.i.l.LifecycleMappingFactory - Using org.eclipse.m2e.jdt.JarLifecycleMapping lifecycle mapping for MavenProject: com.alibou:security:0.0.1-SNAPSHOT @ C:\Users\lenovo\OneDrive\Desktop\pbl6th\tfa-spring-boot-3-angular-main\tfa-spring-boot-3-angular-main\spring-boot-3-jwt-security\pom.xml.
2024-05-17 09:38:40,777 [Worker-9: Importing Maven projects] INFO  o.e.m.j.i.AbstractJavaProjectConfigurator - Adding source folder /security/src/main/java
2024-05-17 09:38:40,778 [Worker-9: Importing Maven projects] INFO  o.e.m.j.i.AbstractJavaProjectConfigurator - Adding resource folder /security/src/main/resources
2024-05-17 09:38:40,778 [Worker-9: Importing Maven projects] INFO  o.e.m.j.i.AbstractJavaProjectConfigurator - Adding resource folder /security/src/main/resources
2024-05-17 09:38:40,781 [Worker-9: Importing Maven projects] INFO  o.e.m.j.i.AbstractJavaProjectConfigurator - Adding source folder /security/src/test/java
2024-05-17 09:38:40,781 [Worker-9: Importing Maven projects] INFO  o.e.m.j.i.AbstractJavaProjectConfigurator - Adding resource folder /security/src/test/resources
2024-05-17 09:38:41,903 [Worker-9: Importing Maven projects] INFO  o.e.m.c.i.p.ProjectConfigurationManager - Imported and configured 1 project(s) in 27 sec
2024-05-17 09:38:44,341 [Worker-1: Building] INFO  o.a.m.s.f.DefaultMavenResourcesFiltering - Copying 1 resource
2024-05-17 09:38:44,530 [Worker-1: Building] INFO  o.a.m.s.f.DefaultMavenResourcesFiltering - Copying 0 resource
2024-05-17 09:38:44,582 [Worker-1: Building] INFO  o.a.m.s.f.DefaultMavenResourcesFiltering - skip non existing resourceDirectory C:\Users\lenovo\OneDrive\Desktop\pbl6th\tfa-spring-boot-3-angular-main\tfa-spring-boot-3-angular-main\spring-boot-3-jwt-security\src\test\resources
2024-05-17 09:42:39,787 [Worker-9: Importing Maven projects] INFO  o.e.m.c.i.l.LifecycleMappingFactory - Using org.eclipse.m2e.jdt.JarLifecycleMapping lifecycle mapping for MavenProject: com.alibou:security:0.0.1-SNAPSHOT @ C:\Users\lenovo\OneDrive\Desktop\pbl6th\tfa-spring-boot-3-angular-main\tfa-spring-boot-3-angular-main\spring-boot-3-jwt-security\pom.xml.
2024-05-17 09:42:43,776 [Worker-9: Importing Maven projects] INFO  o.e.m.j.i.AbstractJavaProjectConfigurator - Adding source folder /security/src/main/java
2024-05-17 09:42:43,776 [Worker-9: Importing Maven projects] INFO  o.e.m.j.i.AbstractJavaProjectConfigurator - Adding resource folder /security/src/main/resources
2024-05-17 09:42:43,776 [Worker-9: Importing Maven projects] INFO  o.e.m.j.i.AbstractJavaProjectConfigurator - Adding resource folder /security/src/main/resources
2024-05-17 09:42:43,778 [Worker-9: Importing Maven projects] INFO  o.e.m.j.i.AbstractJavaProjectConfigurator - Adding source folder /security/src/test/java
2024-05-17 09:42:43,779 [Worker-9: Importing Maven projects] INFO  o.e.m.j.i.AbstractJavaProjectConfigurator - Adding resource folder /security/src/test/resources
2024-05-17 09:42:44,339 [Worker-9: Importing Maven projects] INFO  o.e.m.c.i.p.ProjectConfigurationManager - Imported and configured 1 project(s) in 5 sec
2024-05-17 09:42:44,382 [Worker-9: Updating Maven Project] INFO  o.e.m.c.i.p.ProjectConfigurationManager - Update started
2024-05-17 09:42:46,100 [Worker-9: Updating Maven Project] INFO  o.e.m.c.i.l.LifecycleMappingFactory - Using org.eclipse.m2e.jdt.JarLifecycleMapping lifecycle mapping for MavenProject: com.alibou:security:0.0.1-SNAPSHOT @ C:\Users\lenovo\OneDrive\Desktop\pbl6th\tfa-spring-boot-3-angular-main\tfa-spring-boot-3-angular-main\spring-boot-3-jwt-security\pom.xml.
2024-05-17 09:42:48,003 [Worker-9: Updating Maven Project] INFO  o.e.m.j.i.AbstractJavaProjectConfigurator - Adding source folder /security/src/main/java
2024-05-17 09:42:48,004 [Worker-9: Updating Maven Project] INFO  o.e.m.j.i.AbstractJavaProjectConfigurator - Adding resource folder /security/src/main/resources
2024-05-17 09:42:48,004 [Worker-9: Updating Maven Project] INFO  o.e.m.j.i.AbstractJavaProjectConfigurator - Adding resource folder /security/src/main/resources
2024-05-17 09:42:48,005 [Worker-9: Updating Maven Project] INFO  o.e.m.j.i.AbstractJavaProjectConfigurator - Adding source folder /security/src/test/java
2024-05-17 09:42:48,005 [Worker-9: Updating Maven Project] INFO  o.e.m.j.i.AbstractJavaProjectConfigurator - Adding resource folder /security/src/test/resources
2024-05-17 09:42:49,033 [Worker-9: Updating Maven Project] INFO  o.e.m.c.i.p.ProjectConfigurationManager - Update completed for 1 poms: local refresh takes 0.00 sec, refresh facades takes 3.00 sec, update config takes 0.00 sec 
2024-05-17 09:42:50,761 [Worker-8: Building] INFO  o.a.m.s.f.DefaultMavenResourcesFiltering - Copying 1 resource
2024-05-17 09:42:50,799 [Worker-8: Building] INFO  o.a.m.s.f.DefaultMavenResourcesFiltering - Copying 0 resource
2024-05-17 09:42:50,810 [Worker-8: Building] INFO  o.a.m.s.f.DefaultMavenResourcesFiltering - skip non existing resourceDirectory C:\Users\lenovo\OneDrive\Desktop\pbl6th\tfa-spring-boot-3-angular-main\tfa-spring-boot-3-angular-main\spring-boot-3-jwt-security\src\test\resources
2024-05-17 09:48:50,748 [Worker-8: Importing Maven projects] INFO  o.e.m.c.i.l.LifecycleMappingFactory - Using org.eclipse.m2e.jdt.JarLifecycleMapping lifecycle mapping for MavenProject: com.alibou:security:0.0.1-SNAPSHOT @ C:\Users\lenovo\Downloads\tfa-spring-boot-3-angular-main\tfa-spring-boot-3-angular-main\spring-boot-3-jwt-security\pom.xml.
2024-05-17 09:48:53,137 [Worker-8: Importing Maven projects] INFO  o.e.m.j.i.AbstractJavaProjectConfigurator - Adding source folder /security/src/main/java
2024-05-17 09:48:53,138 [Worker-8: Importing Maven projects] INFO  o.e.m.j.i.AbstractJavaProjectConfigurator - Adding resource folder /security/src/main/resources
2024-05-17 09:48:53,138 [Worker-8: Importing Maven projects] INFO  o.e.m.j.i.AbstractJavaProjectConfigurator - Adding resource folder /security/src/main/resources
2024-05-17 09:48:53,139 [Worker-8: Importing Maven projects] INFO  o.e.m.j.i.AbstractJavaProjectConfigurator - Adding source folder /security/src/test/java
2024-05-17 09:48:53,140 [Worker-8: Importing Maven projects] INFO  o.e.m.j.i.AbstractJavaProjectConfigurator - Adding resource folder /security/src/test/resources
2024-05-17 09:48:54,147 [Worker-8: Importing Maven projects] INFO  o.e.m.c.i.p.ProjectConfigurationManager - Imported and configured 1 project(s) in 4 sec
2024-05-17 09:48:56,298 [Worker-11: Building] INFO  o.a.m.s.f.DefaultMavenResourcesFiltering - Copying 1 resource
2024-05-17 09:48:56,341 [Worker-11: Building] INFO  o.a.m.s.f.DefaultMavenResourcesFiltering - Copying 0 resource
2024-05-17 09:48:56,347 [Worker-11: Building] INFO  o.a.m.s.f.DefaultMavenResourcesFiltering - skip non existing resourceDirectory C:\Users\lenovo\Downloads\tfa-spring-boot-3-angular-main\tfa-spring-boot-3-angular-main\spring-boot-3-jwt-security\src\test\resources
